Using pre-set license
Built from '2020.3/release' branch; Version is '2020.3.2f1 (8fd9074bf66c) revision 9427207'; Using compiler version '192528614'; Build Type 'Release'
OS: 'Windows 10 Pro; OS build 18363.1256; Version 1909; 64bit' Language: 'ru' Physical Memory: 16313 MB
BatchMode: 1, IsHumanControllingUs: 0, StartBugReporterOnCrash: 0, Is64bit: 1, IsPro: 0

 COMMAND LINE ARGUMENTS:
C:\Program Files\Unity\Hub\Editor\2020.3.2f1\Editor\Unity.exe
-adb2
-batchMode
-noUpm
-name
AssetImportWorker0
-projectPath
C:/Users/Professional/VamProject
-logFile
Logs/AssetImportWorker0.log
-srvPort
11865
Successfully changed project path to: C:/Users/Professional/VamProject
C:/Users/Professional/VamProject
Using Asset Import Pipeline V2.
Refreshing native plugins compatible for Editor in 20.78 ms, found 0 plugins.
Preloading 0 native plugins for Editor in 0.00 ms.
Initialize engine version: 2020.3.2f1 (8fd9074bf66c)
[Subsystems] Discovering subsystems at path C:/Program Files/Unity/Hub/Editor/2020.3.2f1/Editor/Data/Resources/UnitySubsystems
[Subsystems] Discovering subsystems at path C:/Users/Professional/VamProject/Assets
GfxDevice: creating device client; threaded=0
Direct3D:
    Version:  Direct3D 11.0 [level 11.1]
    Renderer: NVIDIA GeForce GTX 1660 (ID=0x2184)
    Vendor:   
    VRAM:     5991 MB
    Driver:   30.0.14.7212
Initialize mono
Mono path[0] = 'C:/Program Files/Unity/Hub/Editor/2020.3.2f1/Editor/Data/Managed'
Mono path[1] = 'C:/Program Files/Unity/Hub/Editor/2020.3.2f1/Editor/Data/MonoBleedingEdge/lib/mono/unityjit'
Mono config path = 'C:/Program Files/Unity/Hub/Editor/2020.3.2f1/Editor/Data/MonoBleedingEdge/etc'
Using monoOptions --debugger-agent=transport=dt_socket,embedding=1,server=y,suspend=n,address=127.0.0.1:56204
Begin MonoManager ReloadAssembly
Registering precompiled unity dll's ...
Register platform support module: C:/Program Files/Unity/Hub/Editor/2020.3.2f1/Editor/Data/PlaybackEngines/WebGLSupport/UnityEditor.WebGL.Extensions.dll
Register platform support module: C:/Program Files/Unity/Hub/Editor/2020.3.2f1/Editor/Data/PlaybackEngines/WindowsStandaloneSupport/UnityEditor.WindowsStandalone.Extensions.dll
Registered in 0.001941 seconds.
Native extension for WindowsStandalone target not found
Native extension for WebGL target not found
Refreshing native plugins compatible for Editor in 21.26 ms, found 0 plugins.
Preloading 0 native plugins for Editor in 0.00 ms.
Invoked RoslynAnalysisRunner static constructor.
RoslynAnalysisRunner will not be running.
RoslynAnalysisRunner has terminated.
Mono: successfully reloaded assembly
- Completed reload, in  0.902 seconds
Platform modules already initialized, skipping
Registering precompiled user dll's ...
Registered in 0.000400 seconds.
Begin MonoManager ReloadAssembly
Native extension for WindowsStandalone target not found
Native extension for WebGL target not found
Refreshing native plugins compatible for Editor in 0.23 ms, found 0 plugins.
Preloading 0 native plugins for Editor in 0.00 ms.
Invoked RoslynAnalysisRunner static constructor.
RoslynAnalysisRunner will not be running.
RoslynAnalysisRunner has terminated.
Mono: successfully reloaded assembly
- Completed reload, in  0.663 seconds
Platform modules already initialized, skipping
========================================================================
Worker process is ready to serve import requests
Launched and connected shader compiler UnityShaderCompiler.exe after 0.04 seconds
Refreshing native plugins compatible for Editor in 0.24 ms, found 0 plugins.
Preloading 0 native plugins for Editor in 0.00 ms.
Unloading 1123 Unused Serialized files (Serialized files now loaded: 0)
System memory in use before: 74.0 MB.
System memory in use after: 74.1 MB.

Unloading 10 unused Assets to reduce memory usage. Loaded Objects now: 1583.
Total: 2.205800 ms (FindLiveObjects: 0.236600 ms CreateObjectMapping: 0.035600 ms MarkObjects: 1.814300 ms  DeleteObjects: 0.118100 ms)

========================================================================
Received Import Request.
  path: Assets/Resources/Prefabs/fonarick.prefab
  artifactKey: Guid(f0d1b07462813cb4aa5baa0ffaa25048) Importer(815301076,1909f56bfc062723c751e8b465ee728b)
Start importing Assets/Resources/Prefabs/fonarick.prefab using Guid(f0d1b07462813cb4aa5baa0ffaa25048) Importer(815301076,1909f56bfc062723c751e8b465ee728b)  -> (artifact id: '2366b2be3c1d6d686cf5483cadf36f4d') in 0.091931 seconds
  Import took 0.093900 seconds .

========================================================================
Received Import Request.
  Time since last request: 4.393216 seconds.
  path: Assets/Resources/Prefabs/fonarick.prefab
  artifactKey: Guid(f0d1b07462813cb4aa5baa0ffaa25048) Importer(815301076,1909f56bfc062723c751e8b465ee728b)
Start importing Assets/Resources/Prefabs/fonarick.prefab using Guid(f0d1b07462813cb4aa5baa0ffaa25048) Importer(815301076,1909f56bfc062723c751e8b465ee728b)  -> (artifact id: 'edaa7f166f815fec5bcafcb256d9df20') in 0.010632 seconds
  Import took 0.012766 seconds .

========================================================================
Received Import Request.
  Time since last request: 26.310694 seconds.
  path: Assets/Resources/Prefabs/fonarick 1.prefab
  artifactKey: Guid(e2bc8f3a6a92bc349ac3ab5cd694ad04) Importer(815301076,1909f56bfc062723c751e8b465ee728b)
Start importing Assets/Resources/Prefabs/fonarick 1.prefab using Guid(e2bc8f3a6a92bc349ac3ab5cd694ad04) Importer(815301076,1909f56bfc062723c751e8b465ee728b)  -> (artifact id: 'ad2de201f236add0691e4c8f2128daf2') in 0.011535 seconds
  Import took 0.013647 seconds .

========================================================================
Received Import Request.
  Time since last request: 27.087226 seconds.
  path: Assets/Resources/Prefabs/UseFonarick.prefab
  artifactKey: Guid(e2bc8f3a6a92bc349ac3ab5cd694ad04) Importer(815301076,1909f56bfc062723c751e8b465ee728b)
Start importing Assets/Resources/Prefabs/UseFonarick.prefab using Guid(e2bc8f3a6a92bc349ac3ab5cd694ad04) Importer(815301076,1909f56bfc062723c751e8b465ee728b)  -> (artifact id: '8c92babb473c10c0ef56480cd065b0cb') in 0.010807 seconds
  Import took 0.012878 seconds .

========================================================================
Received Import Request.
  Time since last request: 17.945825 seconds.
  path: Assets/Resources/Prefabs/fonarick.prefab
  artifactKey: Guid(f0d1b07462813cb4aa5baa0ffaa25048) Importer(815301076,1909f56bfc062723c751e8b465ee728b)
Start importing Assets/Resources/Prefabs/fonarick.prefab using Guid(f0d1b07462813cb4aa5baa0ffaa25048) Importer(815301076,1909f56bfc062723c751e8b465ee728b)  -> (artifact id: 'e44aca9ab7f04a347ac38847f4fffae7') in 0.012204 seconds
  Import took 0.014247 seconds .

========================================================================
Received Import Request.
  Time since last request: 5.385945 seconds.
  path: Assets/Resources/Prefabs/fonarick.prefab
  artifactKey: Guid(f0d1b07462813cb4aa5baa0ffaa25048) Importer(815301076,1909f56bfc062723c751e8b465ee728b)
Start importing Assets/Resources/Prefabs/fonarick.prefab using Guid(f0d1b07462813cb4aa5baa0ffaa25048) Importer(815301076,1909f56bfc062723c751e8b465ee728b)  -> (artifact id: 'f57b9507c48043955b68a10d266a714f') in 0.011119 seconds
  Import took 0.013182 seconds .

========================================================================
Received Import Request.
  Time since last request: 7.721697 seconds.
  path: Assets/Resources/Prefabs/fonarick.prefab
  artifactKey: Guid(f0d1b07462813cb4aa5baa0ffaa25048) Importer(815301076,1909f56bfc062723c751e8b465ee728b)
Start importing Assets/Resources/Prefabs/fonarick.prefab using Guid(f0d1b07462813cb4aa5baa0ffaa25048) Importer(815301076,1909f56bfc062723c751e8b465ee728b)  -> (artifact id: '745a33a11eee81744c1d449981d57df4') in 0.012212 seconds
  Import took 0.014269 seconds .

========================================================================
Received Prepare
Registering precompiled user dll's ...
Registered in 0.000472 seconds.
Begin MonoManager ReloadAssembly
Native extension for WindowsStandalone target not found
Native extension for WebGL target not found
Refreshing native plugins compatible for Editor in 0.23 ms, found 0 plugins.
Preloading 0 native plugins for Editor in 0.00 ms.
Invoked RoslynAnalysisRunner static constructor.
RoslynAnalysisRunner will not be running.
RoslynAnalysisRunner has terminated.
Mono: successfully reloaded assembly
- Completed reload, in  0.614 seconds
Platform modules already initialized, skipping
Refreshing native plugins compatible for Editor in 0.24 ms, found 0 plugins.
Preloading 0 native plugins for Editor in 0.00 ms.
Unloading 1118 Unused Serialized files (Serialized files now loaded: 0)
System memory in use before: 77.1 MB.
System memory in use after: 77.1 MB.

Unloading 5 unused Assets to reduce memory usage. Loaded Objects now: 1593.
Total: 1.551100 ms (FindLiveObjects: 0.143000 ms CreateObjectMapping: 0.026500 ms MarkObjects: 1.306900 ms  DeleteObjects: 0.073500 ms)

========================================================================
Received Import Request.
  Time since last request: 77.970534 seconds.
  path: Assets/Resources/Prefabs/UseFonarick.prefab
  artifactKey: Guid(e2bc8f3a6a92bc349ac3ab5cd694ad04) Importer(815301076,1909f56bfc062723c751e8b465ee728b)
Start importing Assets/Resources/Prefabs/UseFonarick.prefab using Guid(e2bc8f3a6a92bc349ac3ab5cd694ad04) Importer(815301076,1909f56bfc062723c751e8b465ee728b)  -> (artifact id: '16fb3b8b7b5a864ad250430a92215894') in 0.046233 seconds
  Import took 0.048153 seconds .

========================================================================
Received Prepare
Registering precompiled user dll's ...
Registered in 0.000451 seconds.
Begin MonoManager ReloadAssembly
Native extension for WindowsStandalone target not found
Native extension for WebGL target not found
Refreshing native plugins compatible for Editor in 0.45 ms, found 0 plugins.
Preloading 0 native plugins for Editor in 0.00 ms.
Invoked RoslynAnalysisRunner static constructor.
RoslynAnalysisRunner will not be running.
RoslynAnalysisRunner has terminated.
Mono: successfully reloaded assembly
- Completed reload, in  0.643 seconds
Platform modules already initialized, skipping
Refreshing native plugins compatible for Editor in 0.23 ms, found 0 plugins.
Preloading 0 native plugins for Editor in 0.00 ms.
Unloading 1118 Unused Serialized files (Serialized files now loaded: 0)
System memory in use before: 77.1 MB.
System memory in use after: 77.2 MB.

Unloading 5 unused Assets to reduce memory usage. Loaded Objects now: 1597.
Total: 1.587400 ms (FindLiveObjects: 0.149800 ms CreateObjectMapping: 0.026100 ms MarkObjects: 1.335500 ms  DeleteObjects: 0.075100 ms)

========================================================================
Received Prepare
Registering precompiled user dll's ...
Registered in 0.000435 seconds.
Begin MonoManager ReloadAssembly
Native extension for WindowsStandalone target not found
Native extension for WebGL target not found
Refreshing native plugins compatible for Editor in 0.23 ms, found 0 plugins.
Preloading 0 native plugins for Editor in 0.00 ms.
Invoked RoslynAnalysisRunner static constructor.
RoslynAnalysisRunner will not be running.
RoslynAnalysisRunner has terminated.
Mono: successfully reloaded assembly
- Completed reload, in  0.624 seconds
Platform modules already initialized, skipping
Refreshing native plugins compatible for Editor in 0.22 ms, found 0 plugins.
Preloading 0 native plugins for Editor in 0.00 ms.
Unloading 1119 Unused Serialized files (Serialized files now loaded: 0)
System memory in use before: 77.1 MB.
System memory in use after: 77.2 MB.

Unloading 5 unused Assets to reduce memory usage. Loaded Objects now: 1601.
Total: 1.778100 ms (FindLiveObjects: 0.185000 ms CreateObjectMapping: 0.025800 ms MarkObjects: 1.490800 ms  DeleteObjects: 0.075400 ms)

========================================================================
Received Import Request.
  Time since last request: 518.275573 seconds.
  path: Assets/Scripts/Flash.cs
  artifactKey: Guid(54b341822da7d594b955e9475a59a890) Importer(815301076,1909f56bfc062723c751e8b465ee728b)
Start importing Assets/Scripts/Flash.cs using Guid(54b341822da7d594b955e9475a59a890) Importer(815301076,1909f56bfc062723c751e8b465ee728b)  -> (artifact id: '2614d7ad0b9ca7aeb967f9f2937e7cb4') in 0.009859 seconds
  Import took 0.011632 seconds .

========================================================================
Received Import Request.
  Time since last request: 11.525601 seconds.
  path: Assets/Scripts/SwitchFlash.cs
  artifactKey: Guid(54b341822da7d594b955e9475a59a890) Importer(815301076,1909f56bfc062723c751e8b465ee728b)
Start importing Assets/Scripts/SwitchFlash.cs using Guid(54b341822da7d594b955e9475a59a890) Importer(815301076,1909f56bfc062723c751e8b465ee728b)  -> (artifact id: '2ea2a1d68486c5977856cc89b089334a') in 0.003147 seconds
  Import took 0.004795 seconds .

========================================================================
Received Prepare
Registering precompiled user dll's ...
Registered in 0.000421 seconds.
Begin MonoManager ReloadAssembly
Native extension for WindowsStandalone target not found
Native extension for WebGL target not found
Refreshing native plugins compatible for Editor in 0.22 ms, found 0 plugins.
Preloading 0 native plugins for Editor in 0.00 ms.
Invoked RoslynAnalysisRunner static constructor.
RoslynAnalysisRunner will not be running.
RoslynAnalysisRunner has terminated.
Mono: successfully reloaded assembly
- Completed reload, in  0.612 seconds
Platform modules already initialized, skipping
Refreshing native plugins compatible for Editor in 0.22 ms, found 0 plugins.
Preloading 0 native plugins for Editor in 0.00 ms.
Unloading 1119 Unused Serialized files (Serialized files now loaded: 0)
System memory in use before: 77.2 MB.
System memory in use after: 77.2 MB.

Unloading 5 unused Assets to reduce memory usage. Loaded Objects now: 1604.
Total: 1.451900 ms (FindLiveObjects: 0.128100 ms CreateObjectMapping: 0.026900 ms MarkObjects: 1.229300 ms  DeleteObjects: 0.066800 ms)

========================================================================
Received Prepare
Registering precompiled user dll's ...
Registered in 0.000618 seconds.
Begin MonoManager ReloadAssembly
Native extension for WindowsStandalone target not found
Native extension for WebGL target not found
Refreshing native plugins compatible for Editor in 0.36 ms, found 0 plugins.
Preloading 0 native plugins for Editor in 0.00 ms.
Invoked RoslynAnalysisRunner static constructor.
RoslynAnalysisRunner will not be running.
RoslynAnalysisRunner has terminated.
Mono: successfully reloaded assembly
- Completed reload, in  0.694 seconds
Platform modules already initialized, skipping
Refreshing native plugins compatible for Editor in 0.39 ms, found 0 plugins.
Preloading 0 native plugins for Editor in 0.00 ms.
Unloading 1119 Unused Serialized files (Serialized files now loaded: 0)
System memory in use before: 77.2 MB.
System memory in use after: 77.2 MB.

Unloading 5 unused Assets to reduce memory usage. Loaded Objects now: 1607.
Total: 1.579100 ms (FindLiveObjects: 0.179400 ms CreateObjectMapping: 0.028800 ms MarkObjects: 1.297700 ms  DeleteObjects: 0.072100 ms)

========================================================================
Received Prepare
Registering precompiled user dll's ...
Registered in 0.000438 seconds.
Begin MonoManager ReloadAssembly
Native extension for WindowsStandalone target not found
Native extension for WebGL target not found
Refreshing native plugins compatible for Editor in 0.23 ms, found 0 plugins.
Preloading 0 native plugins for Editor in 0.00 ms.
Invoked RoslynAnalysisRunner static constructor.
RoslynAnalysisRunner will not be running.
RoslynAnalysisRunner has terminated.
Mono: successfully reloaded assembly
- Completed reload, in  0.614 seconds
Platform modules already initialized, skipping
Refreshing native plugins compatible for Editor in 0.22 ms, found 0 plugins.
Preloading 0 native plugins for Editor in 0.00 ms.
Unloading 1119 Unused Serialized files (Serialized files now loaded: 0)
System memory in use before: 77.2 MB.
System memory in use after: 77.2 MB.

Unloading 5 unused Assets to reduce memory usage. Loaded Objects now: 1610.
Total: 1.558600 ms (FindLiveObjects: 0.153200 ms CreateObjectMapping: 0.026400 ms MarkObjects: 1.311800 ms  DeleteObjects: 0.066200 ms)

========================================================================
Received Prepare
Registering precompiled user dll's ...
Registered in 0.000547 seconds.
Begin MonoManager ReloadAssembly
Native extension for WindowsStandalone target not found
Native extension for WebGL target not found
Refreshing native plugins compatible for Editor in 0.23 ms, found 0 plugins.
Preloading 0 native plugins for Editor in 0.00 ms.
Invoked RoslynAnalysisRunner static constructor.
RoslynAnalysisRunner will not be running.
RoslynAnalysisRunner has terminated.
Mono: successfully reloaded assembly
- Completed reload, in  0.613 seconds
Platform modules already initialized, skipping
Refreshing native plugins compatible for Editor in 0.22 ms, found 0 plugins.
Preloading 0 native plugins for Editor in 0.00 ms.
Unloading 1119 Unused Serialized files (Serialized files now loaded: 0)
System memory in use before: 77.2 MB.
System memory in use after: 77.3 MB.

Unloading 5 unused Assets to reduce memory usage. Loaded Objects now: 1613.
Total: 1.493000 ms (FindLiveObjects: 0.126500 ms CreateObjectMapping: 0.026800 ms MarkObjects: 1.267100 ms  DeleteObjects: 0.071400 ms)

========================================================================
Received Prepare
Registering precompiled user dll's ...
Registered in 0.000425 seconds.
Begin MonoManager ReloadAssembly
Native extension for WindowsStandalone target not found
Native extension for WebGL target not found
Refreshing native plugins compatible for Editor in 0.22 ms, found 0 plugins.
Preloading 0 native plugins for Editor in 0.00 ms.
Invoked RoslynAnalysisRunner static constructor.
RoslynAnalysisRunner will not be running.
RoslynAnalysisRunner has terminated.
Mono: successfully reloaded assembly
- Completed reload, in  0.612 seconds
Platform modules already initialized, skipping
Refreshing native plugins compatible for Editor in 0.23 ms, found 0 plugins.
Preloading 0 native plugins for Editor in 0.00 ms.
Unloading 1119 Unused Serialized files (Serialized files now loaded: 0)
System memory in use before: 77.2 MB.
System memory in use after: 77.3 MB.

Unloading 5 unused Assets to reduce memory usage. Loaded Objects now: 1616.
Total: 1.510000 ms (FindLiveObjects: 0.136300 ms CreateObjectMapping: 0.027300 ms MarkObjects: 1.270900 ms  DeleteObjects: 0.074400 ms)

========================================================================
Received Prepare
Registering precompiled user dll's ...
Registered in 0.000459 seconds.
Begin MonoManager ReloadAssembly
Native extension for WindowsStandalone target not found
Native extension for WebGL target not found
Refreshing native plugins compatible for Editor in 0.22 ms, found 0 plugins.
Preloading 0 native plugins for Editor in 0.00 ms.
Invoked RoslynAnalysisRunner static constructor.
RoslynAnalysisRunner will not be running.
RoslynAnalysisRunner has terminated.
Mono: successfully reloaded assembly
- Completed reload, in  0.612 seconds
Platform modules already initialized, skipping
Refreshing native plugins compatible for Editor in 0.22 ms, found 0 plugins.
Preloading 0 native plugins for Editor in 0.00 ms.
Unloading 1119 Unused Serialized files (Serialized files now loaded: 0)
System memory in use before: 77.2 MB.
System memory in use after: 77.3 MB.

Unloading 5 unused Assets to reduce memory usage. Loaded Objects now: 1619.
Total: 1.508700 ms (FindLiveObjects: 0.139200 ms CreateObjectMapping: 0.029200 ms MarkObjects: 1.268100 ms  DeleteObjects: 0.071200 ms)

========================================================================
Received Prepare
Registering precompiled user dll's ...
Registered in 0.000544 seconds.
Begin MonoManager ReloadAssembly
Native extension for WindowsStandalone target not found
Native extension for WebGL target not found
Refreshing native plugins compatible for Editor in 0.24 ms, found 0 plugins.
Preloading 0 native plugins for Editor in 0.00 ms.
Invoked RoslynAnalysisRunner static constructor.
RoslynAnalysisRunner will not be running.
RoslynAnalysisRunner has terminated.
Mono: successfully reloaded assembly
- Completed reload, in  0.720 seconds
Platform modules already initialized, skipping
Refreshing native plugins compatible for Editor in 0.35 ms, found 0 plugins.
Preloading 0 native plugins for Editor in 0.00 ms.
Unloading 1119 Unused Serialized files (Serialized files now loaded: 0)
System memory in use before: 77.2 MB.
System memory in use after: 77.3 MB.

Unloading 5 unused Assets to reduce memory usage. Loaded Objects now: 1622.
Total: 1.836000 ms (FindLiveObjects: 0.172500 ms CreateObjectMapping: 0.030100 ms MarkObjects: 1.561700 ms  DeleteObjects: 0.070300 ms)

========================================================================
Received Import Request.
  Time since last request: 1142.621033 seconds.
  path: Assets/Scripts/Slot.cs
  artifactKey: Guid(2625c4e8550fbe741b52d57838482e72) Importer(815301076,1909f56bfc062723c751e8b465ee728b)
Start importing Assets/Scripts/Slot.cs using Guid(2625c4e8550fbe741b52d57838482e72) Importer(815301076,1909f56bfc062723c751e8b465ee728b)  -> (artifact id: '6641a836ea035dc6873c90d3f88b8098') in 0.004614 seconds
  Import took 0.006430 seconds .

========================================================================
Received Import Request.
  Time since last request: 0.020477 seconds.
  path: Assets/Scripts/Slot.cs
  artifactKey: Guid(2625c4e8550fbe741b52d57838482e72) Importer(815301076,1909f56bfc062723c751e8b465ee728b)
Start importing Assets/Scripts/Slot.cs using Guid(2625c4e8550fbe741b52d57838482e72) Importer(815301076,1909f56bfc062723c751e8b465ee728b)  -> (artifact id: '6641a836ea035dc6873c90d3f88b8098') in 0.002917 seconds
  Import took 0.004218 seconds .

========================================================================
Received Import Request.
  Time since last request: 1.953672 seconds.
  path: Assets/Scripts/Inventory.cs
  artifactKey: Guid(77e634ebd37e84e449a48fa883344a84) Importer(815301076,1909f56bfc062723c751e8b465ee728b)
Start importing Assets/Scripts/Inventory.cs using Guid(77e634ebd37e84e449a48fa883344a84) Importer(815301076,1909f56bfc062723c751e8b465ee728b)  -> (artifact id: '35ac70a8119369a869b931a3a80d631c') in 0.002859 seconds
  Import took 0.004556 seconds .

========================================================================
Received Import Request.
  Time since last request: 74.697785 seconds.
  path: Assets/Scripts/SwitchFlash.cs
  artifactKey: Guid(54b341822da7d594b955e9475a59a890) Importer(815301076,1909f56bfc062723c751e8b465ee728b)
Start importing Assets/Scripts/SwitchFlash.cs using Guid(54b341822da7d594b955e9475a59a890) Importer(815301076,1909f56bfc062723c751e8b465ee728b)  -> (artifact id: 'b8259447208f689cc0e6e71ce363386c') in 0.002332 seconds
  Import took 0.004039 seconds .

========================================================================
Received Prepare
Registering precompiled user dll's ...
Registered in 0.000730 seconds.
Begin MonoManager ReloadAssembly
Native extension for WindowsStandalone target not found
Native extension for WebGL target not found
Refreshing native plugins compatible for Editor in 0.23 ms, found 0 plugins.
Preloading 0 native plugins for Editor in 0.00 ms.
Invoked RoslynAnalysisRunner static constructor.
RoslynAnalysisRunner will not be running.
RoslynAnalysisRunner has terminated.
Mono: successfully reloaded assembly
- Completed reload, in  0.611 seconds
Platform modules already initialized, skipping
Refreshing native plugins compatible for Editor in 0.23 ms, found 0 plugins.
Preloading 0 native plugins for Editor in 0.00 ms.
Unloading 1119 Unused Serialized files (Serialized files now loaded: 0)
System memory in use before: 77.2 MB.
System memory in use after: 77.3 MB.

Unloading 5 unused Assets to reduce memory usage. Loaded Objects now: 1625.
Total: 1.516100 ms (FindLiveObjects: 0.133500 ms CreateObjectMapping: 0.028900 ms MarkObjects: 1.282800 ms  DeleteObjects: 0.069400 ms)

========================================================================
Received Import Request.
  Time since last request: 12.252967 seconds.
  path: Assets/Scripts/SwitchFlash.cs
  artifactKey: Guid(54b341822da7d594b955e9475a59a890) Importer(815301076,1909f56bfc062723c751e8b465ee728b)
Start importing Assets/Scripts/SwitchFlash.cs using Guid(54b341822da7d594b955e9475a59a890) Importer(815301076,1909f56bfc062723c751e8b465ee728b)  -> (artifact id: '62d6b019c227df0d474921f9c2f46ab8') in 0.004468 seconds
  Import took 0.006193 seconds .

========================================================================
Received Import Request.
  Time since last request: 1.120882 seconds.
  path: Assets/Scripts/SwitchFlash.cs
  artifactKey: Guid(54b341822da7d594b955e9475a59a890) Importer(815301076,1909f56bfc062723c751e8b465ee728b)
Start importing Assets/Scripts/SwitchFlash.cs using Guid(54b341822da7d594b955e9475a59a890) Importer(815301076,1909f56bfc062723c751e8b465ee728b)  -> (artifact id: '62d6b019c227df0d474921f9c2f46ab8') in 0.002268 seconds
  Import took 0.003969 seconds .

========================================================================
Received Prepare
Registering precompiled user dll's ...
Registered in 0.000441 seconds.
Begin MonoManager ReloadAssembly
Native extension for WindowsStandalone target not found
Native extension for WebGL target not found
Refreshing native plugins compatible for Editor in 0.22 ms, found 0 plugins.
Preloading 0 native plugins for Editor in 0.00 ms.
Invoked RoslynAnalysisRunner static constructor.
RoslynAnalysisRunner will not be running.
RoslynAnalysisRunner has terminated.
Mono: successfully reloaded assembly
- Completed reload, in  0.613 seconds
Platform modules already initialized, skipping
Refreshing native plugins compatible for Editor in 0.25 ms, found 0 plugins.
Preloading 0 native plugins for Editor in 0.00 ms.
Unloading 1119 Unused Serialized files (Serialized files now loaded: 0)
System memory in use before: 77.2 MB.
System memory in use after: 77.3 MB.

Unloading 5 unused Assets to reduce memory usage. Loaded Objects now: 1628.
Total: 1.689300 ms (FindLiveObjects: 0.225900 ms CreateObjectMapping: 0.066400 ms MarkObjects: 1.320200 ms  DeleteObjects: 0.075600 ms)

========================================================================
Received Import Request.
  Time since last request: 154.062229 seconds.
  path: Assets/Scripts/Flash.cs
  artifactKey: Guid(9db711dfb55db4d4b9c02c5d99413645) Importer(815301076,1909f56bfc062723c751e8b465ee728b)
Start importing Assets/Scripts/Flash.cs using Guid(9db711dfb55db4d4b9c02c5d99413645) Importer(815301076,1909f56bfc062723c751e8b465ee728b)  -> (artifact id: '2cffb80f7694c00785896dd797ac1c39') in 0.004499 seconds
  Import took 0.006407 seconds .

========================================================================
Received Prepare
Registering precompiled user dll's ...
Registered in 0.000432 seconds.
Begin MonoManager ReloadAssembly
Native extension for WindowsStandalone target not found
Native extension for WebGL target not found
Refreshing native plugins compatible for Editor in 0.22 ms, found 0 plugins.
Preloading 0 native plugins for Editor in 0.00 ms.
Invoked RoslynAnalysisRunner static constructor.
RoslynAnalysisRunner will not be running.
RoslynAnalysisRunner has terminated.
Mono: successfully reloaded assembly
- Completed reload, in  0.639 seconds
Platform modules already initialized, skipping
Refreshing native plugins compatible for Editor in 0.24 ms, found 0 plugins.
Preloading 0 native plugins for Editor in 0.00 ms.
Unloading 1120 Unused Serialized files (Serialized files now loaded: 0)
System memory in use before: 77.3 MB.
System memory in use after: 77.3 MB.

Unloading 5 unused Assets to reduce memory usage. Loaded Objects now: 1632.
Total: 1.494400 ms (FindLiveObjects: 0.130800 ms CreateObjectMapping: 0.026900 ms MarkObjects: 1.261700 ms  DeleteObjects: 0.073900 ms)

========================================================================
Received Prepare
Registering precompiled user dll's ...
Registered in 0.000739 seconds.
Begin MonoManager ReloadAssembly
Native extension for WindowsStandalone target not found
Native extension for WebGL target not found
Refreshing native plugins compatible for Editor in 0.23 ms, found 0 plugins.
Preloading 0 native plugins for Editor in 0.00 ms.
Invoked RoslynAnalysisRunner static constructor.
RoslynAnalysisRunner will not be running.
RoslynAnalysisRunner has terminated.
Mono: successfully reloaded assembly
- Completed reload, in  0.610 seconds
Platform modules already initialized, skipping
Refreshing native plugins compatible for Editor in 0.22 ms, found 0 plugins.
Preloading 0 native plugins for Editor in 0.00 ms.
Unloading 1120 Unused Serialized files (Serialized files now loaded: 0)
System memory in use before: 77.3 MB.
System memory in use after: 77.3 MB.

Unloading 5 unused Assets to reduce memory usage. Loaded Objects now: 1635.
Total: 1.523800 ms (FindLiveObjects: 0.147300 ms CreateObjectMapping: 0.027200 ms MarkObjects: 1.276600 ms  DeleteObjects: 0.071500 ms)

========================================================================
Received Import Request.
  Time since last request: 142.638968 seconds.
  path: Assets/Scripts/Flash.cs
  artifactKey: Guid(9db711dfb55db4d4b9c02c5d99413645) Importer(815301076,1909f56bfc062723c751e8b465ee728b)
Start importing Assets/Scripts/Flash.cs using Guid(9db711dfb55db4d4b9c02c5d99413645) Importer(815301076,1909f56bfc062723c751e8b465ee728b)  -> (artifact id: '6bcfcd6cbb1ce3329d4f0acdc44fd6b6') in 0.007366 seconds
  Import took 0.009278 seconds .

========================================================================
Received Prepare
Registering precompiled user dll's ...
Registered in 0.000472 seconds.
Begin MonoManager ReloadAssembly
Native extension for WindowsStandalone target not found
Native extension for WebGL target not found
Refreshing native plugins compatible for Editor in 0.23 ms, found 0 plugins.
Preloading 0 native plugins for Editor in 0.00 ms.
Invoked RoslynAnalysisRunner static constructor.
RoslynAnalysisRunner will not be running.
RoslynAnalysisRunner has terminated.
Mono: successfully reloaded assembly
- Completed reload, in  0.609 seconds
Platform modules already initialized, skipping
Refreshing native plugins compatible for Editor in 0.22 ms, found 0 plugins.
Preloading 0 native plugins for Editor in 0.00 ms.
Unloading 1120 Unused Serialized files (Serialized files now loaded: 0)
System memory in use before: 77.3 MB.
System memory in use after: 77.3 MB.

Unloading 5 unused Assets to reduce memory usage. Loaded Objects now: 1638.
Total: 1.553200 ms (FindLiveObjects: 0.146800 ms CreateObjectMapping: 0.027700 ms MarkObjects: 1.305600 ms  DeleteObjects: 0.072000 ms)

========================================================================
Received Prepare
Registering precompiled user dll's ...
Registered in 0.000424 seconds.
Begin MonoManager ReloadAssembly
Native extension for WindowsStandalone target not found
Native extension for WebGL target not found
Refreshing native plugins compatible for Editor in 0.23 ms, found 0 plugins.
Preloading 0 native plugins for Editor in 0.00 ms.
Invoked RoslynAnalysisRunner static constructor.
RoslynAnalysisRunner will not be running.
RoslynAnalysisRunner has terminated.
Mono: successfully reloaded assembly
- Completed reload, in  0.611 seconds
Platform modules already initialized, skipping
Refreshing native plugins compatible for Editor in 0.23 ms, found 0 plugins.
Preloading 0 native plugins for Editor in 0.00 ms.
Unloading 1120 Unused Serialized files (Serialized files now loaded: 0)
System memory in use before: 77.3 MB.
System memory in use after: 77.3 MB.

Unloading 5 unused Assets to reduce memory usage. Loaded Objects now: 1641.
Total: 1.504600 ms (FindLiveObjects: 0.131300 ms CreateObjectMapping: 0.026700 ms MarkObjects: 1.269800 ms  DeleteObjects: 0.075500 ms)

========================================================================
Received Import Request.
  Time since last request: 730.254054 seconds.
  path: Assets/Scripts/CurrentItem.cs
  artifactKey: Guid(bb0096e5e3beedf43a8ee3e558126d9b) Importer(815301076,1909f56bfc062723c751e8b465ee728b)
Start importing Assets/Scripts/CurrentItem.cs using Guid(bb0096e5e3beedf43a8ee3e558126d9b) Importer(815301076,1909f56bfc062723c751e8b465ee728b)  -> (artifact id: '4ffdfc47b2c336b1e726b5a62b5264db') in 0.004399 seconds
  Import took 0.006345 seconds .

========================================================================
Received Import Request.
  Time since last request: 0.021160 seconds.
  path: Assets/Scripts/CurrentItem.cs
  artifactKey: Guid(bb0096e5e3beedf43a8ee3e558126d9b) Importer(815301076,1909f56bfc062723c751e8b465ee728b)
Start importing Assets/Scripts/CurrentItem.cs using Guid(bb0096e5e3beedf43a8ee3e558126d9b) Importer(815301076,1909f56bfc062723c751e8b465ee728b)  -> (artifact id: '4ffdfc47b2c336b1e726b5a62b5264db') in 0.002452 seconds
  Import took 0.003740 seconds .

========================================================================
Received Import Request.
  Time since last request: 5.424108 seconds.
  path: Assets/Materials/Ground.mat
  artifactKey: Guid(eae571859e6edb64fbfa5712d93df2ba) Importer(815301076,1909f56bfc062723c751e8b465ee728b)
Start importing Assets/Materials/Ground.mat using Guid(eae571859e6edb64fbfa5712d93df2ba) Importer(815301076,1909f56bfc062723c751e8b465ee728b)  -> (artifact id: '1ff918548e307548c467a4e377e07a23') in 0.050469 seconds
  Import took 0.052452 seconds .

========================================================================
Received Import Request.
  Time since last request: 0.595569 seconds.
  path: Assets/prefabs/Cell.prefab
  artifactKey: Guid(f694d0622335569449059323c1adb643) Importer(815301076,1909f56bfc062723c751e8b465ee728b)
Start importing Assets/prefabs/Cell.prefab using Guid(f694d0622335569449059323c1adb643) Importer(815301076,1909f56bfc062723c751e8b465ee728b)  -> (artifact id: '3a69d82198ea2b0e1552177c8173deb1') in 0.017714 seconds
  Import took 0.019671 seconds .

========================================================================
Received Import Request.
  Time since last request: 60.520618 seconds.
  path: Assets/Resources/Prefabs/fonarick.prefab
  artifactKey: Guid(f0d1b07462813cb4aa5baa0ffaa25048) Importer(815301076,1909f56bfc062723c751e8b465ee728b)
Start importing Assets/Resources/Prefabs/fonarick.prefab using Guid(f0d1b07462813cb4aa5baa0ffaa25048) Importer(815301076,1909f56bfc062723c751e8b465ee728b)  -> (artifact id: '19e591cd91f59ccf78a5d714eb038a88') in 0.016033 seconds
  Import took 0.018009 seconds .

========================================================================
Received Prepare
Registering precompiled user dll's ...
Registered in 0.000421 seconds.
Begin MonoManager ReloadAssembly
Native extension for WindowsStandalone target not found
Native extension for WebGL target not found
Refreshing native plugins compatible for Editor in 0.23 ms, found 0 plugins.
Preloading 0 native plugins for Editor in 0.00 ms.
Invoked RoslynAnalysisRunner static constructor.
RoslynAnalysisRunner will not be running.
RoslynAnalysisRunner has terminated.
Mono: successfully reloaded assembly
- Completed reload, in  0.599 seconds
Platform modules already initialized, skipping
Refreshing native plugins compatible for Editor in 0.23 ms, found 0 plugins.
Preloading 0 native plugins for Editor in 0.00 ms.
Unloading 1120 Unused Serialized files (Serialized files now loaded: 0)
System memory in use before: 77.6 MB.
System memory in use after: 77.6 MB.

Unloading 6 unused Assets to reduce memory usage. Loaded Objects now: 1680.
Total: 1.516500 ms (FindLiveObjects: 0.142200 ms CreateObjectMapping: 0.027300 ms MarkObjects: 1.266800 ms  DeleteObjects: 0.078900 ms)

========================================================================
Received Import Request.
  Time since last request: 223.972252 seconds.
  path: Assets/Scripts/CurrentItem.cs
  artifactKey: Guid(bb0096e5e3beedf43a8ee3e558126d9b) Importer(815301076,1909f56bfc062723c751e8b465ee728b)
Start importing Assets/Scripts/CurrentItem.cs using Guid(bb0096e5e3beedf43a8ee3e558126d9b) Importer(815301076,1909f56bfc062723c751e8b465ee728b)  -> (artifact id: '75c77cd00bf906118290902b6e6b401b') in 0.004712 seconds
  Import took 0.006673 seconds .

========================================================================
Received Prepare
Registering precompiled user dll's ...
Registered in 0.000415 seconds.
Begin MonoManager ReloadAssembly
Native extension for WindowsStandalone target not found
Native extension for WebGL target not found
Refreshing native plugins compatible for Editor in 0.22 ms, found 0 plugins.
Preloading 0 native plugins for Editor in 0.00 ms.
Invoked RoslynAnalysisRunner static constructor.
RoslynAnalysisRunner will not be running.
RoslynAnalysisRunner has terminated.
Mono: successfully reloaded assembly
- Completed reload, in  0.607 seconds
Platform modules already initialized, skipping
Refreshing native plugins compatible for Editor in 0.22 ms, found 0 plugins.
Preloading 0 native plugins for Editor in 0.00 ms.
Unloading 1120 Unused Serialized files (Serialized files now loaded: 0)
System memory in use before: 77.6 MB.
System memory in use after: 77.6 MB.

Unloading 5 unused Assets to reduce memory usage. Loaded Objects now: 1683.
Total: 1.890000 ms (FindLiveObjects: 0.161800 ms CreateObjectMapping: 0.028000 ms MarkObjects: 1.599700 ms  DeleteObjects: 0.099300 ms)

========================================================================
Received Prepare
Registering precompiled user dll's ...
Registered in 0.000489 seconds.
Begin MonoManager ReloadAssembly
Native extension for WindowsStandalone target not found
Native extension for WebGL target not found
Refreshing native plugins compatible for Editor in 0.23 ms, found 0 plugins.
Preloading 0 native plugins for Editor in 0.00 ms.
Invoked RoslynAnalysisRunner static constructor.
RoslynAnalysisRunner will not be running.
RoslynAnalysisRunner has terminated.
Mono: successfully reloaded assembly
- Completed reload, in  0.624 seconds
Platform modules already initialized, skipping
Refreshing native plugins compatible for Editor in 0.22 ms, found 0 plugins.
Preloading 0 native plugins for Editor in 0.00 ms.
Unloading 1120 Unused Serialized files (Serialized files now loaded: 0)
System memory in use before: 77.6 MB.
System memory in use after: 77.7 MB.

Unloading 5 unused Assets to reduce memory usage. Loaded Objects now: 1686.
Total: 1.506000 ms (FindLiveObjects: 0.134300 ms CreateObjectMapping: 0.028700 ms MarkObjects: 1.271100 ms  DeleteObjects: 0.070700 ms)

========================================================================
Received Prepare
Registering precompiled user dll's ...
Registered in 0.000565 seconds.
Begin MonoManager ReloadAssembly
Native extension for WindowsStandalone target not found
Native extension for WebGL target not found
Refreshing native plugins compatible for Editor in 0.25 ms, found 0 plugins.
Preloading 0 native plugins for Editor in 0.00 ms.
Invoked RoslynAnalysisRunner static constructor.
RoslynAnalysisRunner will not be running.
RoslynAnalysisRunner has terminated.
Mono: successfully reloaded assembly
- Completed reload, in  0.687 seconds
Platform modules already initialized, skipping
Refreshing native plugins compatible for Editor in 0.25 ms, found 0 plugins.
Preloading 0 native plugins for Editor in 0.00 ms.
Unloading 1120 Unused Serialized files (Serialized files now loaded: 0)
System memory in use before: 77.6 MB.
System memory in use after: 77.7 MB.

Unloading 5 unused Assets to reduce memory usage. Loaded Objects now: 1689.
Total: 1.859100 ms (FindLiveObjects: 0.161400 ms CreateObjectMapping: 0.029100 ms MarkObjects: 1.587800 ms  DeleteObjects: 0.079600 ms)

========================================================================
Received Prepare
Registering precompiled user dll's ...
Registered in 0.000438 seconds.
Begin MonoManager ReloadAssembly
Native extension for WindowsStandalone target not found
Native extension for WebGL target not found
Refreshing native plugins compatible for Editor in 0.22 ms, found 0 plugins.
Preloading 0 native plugins for Editor in 0.00 ms.
Invoked RoslynAnalysisRunner static constructor.
RoslynAnalysisRunner will not be running.
RoslynAnalysisRunner has terminated.
Mono: successfully reloaded assembly
- Completed reload, in  0.610 seconds
Platform modules already initialized, skipping
Refreshing native plugins compatible for Editor in 0.22 ms, found 0 plugins.
Preloading 0 native plugins for Editor in 0.00 ms.
Unloading 1120 Unused Serialized files (Serialized files now loaded: 0)
System memory in use before: 77.6 MB.
System memory in use after: 77.7 MB.

Unloading 5 unused Assets to reduce memory usage. Loaded Objects now: 1692.
Total: 1.605000 ms (FindLiveObjects: 0.160100 ms CreateObjectMapping: 0.027400 ms MarkObjects: 1.340800 ms  DeleteObjects: 0.075800 ms)

========================================================================
Received Prepare
Registering precompiled user dll's ...
Registered in 0.000594 seconds.
Begin MonoManager ReloadAssembly
Native extension for WindowsStandalone target not found
Native extension for WebGL target not found
Refreshing native plugins compatible for Editor in 0.25 ms, found 0 plugins.
Preloading 0 native plugins for Editor in 0.00 ms.
Invoked RoslynAnalysisRunner static constructor.
RoslynAnalysisRunner will not be running.
RoslynAnalysisRunner has terminated.
Mono: successfully reloaded assembly
- Completed reload, in  0.679 seconds
Platform modules already initialized, skipping
Refreshing native plugins compatible for Editor in 0.35 ms, found 0 plugins.
Preloading 0 native plugins for Editor in 0.00 ms.
Unloading 1120 Unused Serialized files (Serialized files now loaded: 0)
System memory in use before: 77.6 MB.
System memory in use after: 77.7 MB.

Unloading 5 unused Assets to reduce memory usage. Loaded Objects now: 1695.
Total: 1.643900 ms (FindLiveObjects: 0.154600 ms CreateObjectMapping: 0.030000 ms MarkObjects: 1.386100 ms  DeleteObjects: 0.071900 ms)

========================================================================
Received Prepare
Registering precompiled user dll's ...
Registered in 0.000437 seconds.
Begin MonoManager ReloadAssembly
Native extension for WindowsStandalone target not found
Native extension for WebGL target not found
Refreshing native plugins compatible for Editor in 0.22 ms, found 0 plugins.
Preloading 0 native plugins for Editor in 0.00 ms.
Invoked RoslynAnalysisRunner static constructor.
RoslynAnalysisRunner will not be running.
RoslynAnalysisRunner has terminated.
Mono: successfully reloaded assembly
- Completed reload, in  0.618 seconds
Platform modules already initialized, skipping
Refreshing native plugins compatible for Editor in 0.23 ms, found 0 plugins.
Preloading 0 native plugins for Editor in 0.00 ms.
Unloading 1120 Unused Serialized files (Serialized files now loaded: 0)
System memory in use before: 77.6 MB.
System memory in use after: 77.7 MB.

Unloading 5 unused Assets to reduce memory usage. Loaded Objects now: 1698.
Total: 1.573200 ms (FindLiveObjects: 0.150400 ms CreateObjectMapping: 0.028400 ms MarkObjects: 1.322000 ms  DeleteObjects: 0.071400 ms)

========================================================================
Received Prepare
Registering precompiled user dll's ...
Registered in 0.000426 seconds.
Begin MonoManager ReloadAssembly
Native extension for WindowsStandalone target not found
Native extension for WebGL target not found
Refreshing native plugins compatible for Editor in 0.24 ms, found 0 plugins.
Preloading 0 native plugins for Editor in 0.00 ms.
Invoked RoslynAnalysisRunner static constructor.
RoslynAnalysisRunner will not be running.
RoslynAnalysisRunner has terminated.
Mono: successfully reloaded assembly
- Completed reload, in  0.658 seconds
Platform modules already initialized, skipping
Refreshing native plugins compatible for Editor in 0.24 ms, found 0 plugins.
Preloading 0 native plugins for Editor in 0.00 ms.
Unloading 1120 Unused Serialized files (Serialized files now loaded: 0)
System memory in use before: 77.6 MB.
System memory in use after: 77.7 MB.

Unloading 5 unused Assets to reduce memory usage. Loaded Objects now: 1701.
Total: 1.689000 ms (FindLiveObjects: 0.171600 ms CreateObjectMapping: 0.030000 ms MarkObjects: 1.410700 ms  DeleteObjects: 0.075900 ms)

========================================================================
Received Import Request.
  Time since last request: 982.527920 seconds.
  path: Assets/Scripts/CurrentItem.cs
  artifactKey: Guid(bb0096e5e3beedf43a8ee3e558126d9b) Importer(815301076,1909f56bfc062723c751e8b465ee728b)
Start importing Assets/Scripts/CurrentItem.cs using Guid(bb0096e5e3beedf43a8ee3e558126d9b) Importer(815301076,1909f56bfc062723c751e8b465ee728b)  -> (artifact id: 'c90b1807a8290662bab7a73cc11beee6') in 0.004333 seconds
  Import took 0.006281 seconds .

========================================================================
Received Import Request.
  Time since last request: 0.475733 seconds.
  path: Assets/Scripts/DestoyMessage.cs
  artifactKey: Guid(c5ab6d45f92a7b242a80d51f3d846306) Importer(815301076,1909f56bfc062723c751e8b465ee728b)
Start importing Assets/Scripts/DestoyMessage.cs using Guid(c5ab6d45f92a7b242a80d51f3d846306) Importer(815301076,1909f56bfc062723c751e8b465ee728b)  -> (artifact id: '7fc3c17a69a952966a37211e469cfaa6') in 0.002724 seconds
  Import took 0.004482 seconds .

========================================================================
Received Prepare
Registering precompiled user dll's ...
Registered in 0.000564 seconds.
Begin MonoManager ReloadAssembly
Native extension for WindowsStandalone target not found
Native extension for WebGL target not found
Refreshing native plugins compatible for Editor in 0.23 ms, found 0 plugins.
Preloading 0 native plugins for Editor in 0.00 ms.
Invoked RoslynAnalysisRunner static constructor.
RoslynAnalysisRunner will not be running.
RoslynAnalysisRunner has terminated.
Mono: successfully reloaded assembly
- Completed reload, in  0.619 seconds
Platform modules already initialized, skipping
Refreshing native plugins compatible for Editor in 0.22 ms, found 0 plugins.
Preloading 0 native plugins for Editor in 0.00 ms.
Unloading 1120 Unused Serialized files (Serialized files now loaded: 0)
System memory in use before: 77.6 MB.
System memory in use after: 77.7 MB.

Unloading 5 unused Assets to reduce memory usage. Loaded Objects now: 1704.
Total: 1.630700 ms (FindLiveObjects: 0.150400 ms CreateObjectMapping: 0.028500 ms MarkObjects: 1.380600 ms  DeleteObjects: 0.070200 ms)

========================================================================
Received Import Request.
  Time since last request: 79.220136 seconds.
  path: Assets/Scripts/CurrentItem.cs
  artifactKey: Guid(bb0096e5e3beedf43a8ee3e558126d9b) Importer(815301076,1909f56bfc062723c751e8b465ee728b)
Start importing Assets/Scripts/CurrentItem.cs using Guid(bb0096e5e3beedf43a8ee3e558126d9b) Importer(815301076,1909f56bfc062723c751e8b465ee728b)  -> (artifact id: 'c39d9cc01178af396640e9031522045d') in 0.004981 seconds
  Import took 0.006747 seconds .

========================================================================
Received Prepare
Registering precompiled user dll's ...
Registered in 0.000635 seconds.
Begin MonoManager ReloadAssembly
Native extension for WindowsStandalone target not found
Native extension for WebGL target not found
Refreshing native plugins compatible for Editor in 0.24 ms, found 0 plugins.
Preloading 0 native plugins for Editor in 0.00 ms.
Invoked RoslynAnalysisRunner static constructor.
RoslynAnalysisRunner will not be running.
RoslynAnalysisRunner has terminated.
Mono: successfully reloaded assembly
- Completed reload, in  0.690 seconds
Platform modules already initialized, skipping
Refreshing native plugins compatible for Editor in 0.25 ms, found 0 plugins.
Preloading 0 native plugins for Editor in 0.00 ms.
Unloading 1120 Unused Serialized files (Serialized files now loaded: 0)
System memory in use before: 77.6 MB.
System memory in use after: 77.7 MB.

Unloading 5 unused Assets to reduce memory usage. Loaded Objects now: 1707.
Total: 1.654000 ms (FindLiveObjects: 0.212900 ms CreateObjectMapping: 0.039100 ms MarkObjects: 1.333100 ms  DeleteObjects: 0.067900 ms)

========================================================================
Received Prepare
Registering precompiled user dll's ...
Registered in 0.000428 seconds.
Begin MonoManager ReloadAssembly
Native extension for WindowsStandalone target not found
Native extension for WebGL target not found
Refreshing native plugins compatible for Editor in 0.22 ms, found 0 plugins.
Preloading 0 native plugins for Editor in 0.00 ms.
Invoked RoslynAnalysisRunner static constructor.
RoslynAnalysisRunner will not be running.
RoslynAnalysisRunner has terminated.
Mono: successfully reloaded assembly
- Completed reload, in  0.626 seconds
Platform modules already initialized, skipping
Refreshing native plugins compatible for Editor in 0.22 ms, found 0 plugins.
Preloading 0 native plugins for Editor in 0.00 ms.
Unloading 1120 Unused Serialized files (Serialized files now loaded: 0)
System memory in use before: 77.6 MB.
System memory in use after: 77.7 MB.

Unloading 5 unused Assets to reduce memory usage. Loaded Objects now: 1710.
Total: 1.530200 ms (FindLiveObjects: 0.142300 ms CreateObjectMapping: 0.029300 ms MarkObjects: 1.287500 ms  DeleteObjects: 0.069900 ms)

========================================================================
Received Prepare
Registering precompiled user dll's ...
Registered in 0.000563 seconds.
Begin MonoManager ReloadAssembly
Native extension for WindowsStandalone target not found
Native extension for WebGL target not found
Refreshing native plugins compatible for Editor in 0.23 ms, found 0 plugins.
Preloading 0 native plugins for Editor in 0.00 ms.
Invoked RoslynAnalysisRunner static constructor.
RoslynAnalysisRunner will not be running.
RoslynAnalysisRunner has terminated.
Mono: successfully reloaded assembly
- Completed reload, in  0.660 seconds
Platform modules already initialized, skipping
Refreshing native plugins compatible for Editor in 0.26 ms, found 0 plugins.
Preloading 0 native plugins for Editor in 0.00 ms.
Unloading 1120 Unused Serialized files (Serialized files now loaded: 0)
System memory in use before: 77.6 MB.
System memory in use after: 77.7 MB.

Unloading 5 unused Assets to reduce memory usage. Loaded Objects now: 1713.
Total: 1.619000 ms (FindLiveObjects: 0.153100 ms CreateObjectMapping: 0.028800 ms MarkObjects: 1.362100 ms  DeleteObjects: 0.073800 ms)

========================================================================
Received Prepare
Registering precompiled user dll's ...
Registered in 0.000523 seconds.
Begin MonoManager ReloadAssembly
Native extension for WindowsStandalone target not found
Native extension for WebGL target not found
Refreshing native plugins compatible for Editor in 0.22 ms, found 0 plugins.
Preloading 0 native plugins for Editor in 0.00 ms.
Invoked RoslynAnalysisRunner static constructor.
RoslynAnalysisRunner will not be running.
RoslynAnalysisRunner has terminated.
Mono: successfully reloaded assembly
- Completed reload, in  0.625 seconds
Platform modules already initialized, skipping
Refreshing native plugins compatible for Editor in 0.22 ms, found 0 plugins.
Preloading 0 native plugins for Editor in 0.00 ms.
Unloading 1120 Unused Serialized files (Serialized files now loaded: 0)
System memory in use before: 77.6 MB.
System memory in use after: 77.7 MB.

Unloading 5 unused Assets to reduce memory usage. Loaded Objects now: 1716.
Total: 1.756900 ms (FindLiveObjects: 0.188500 ms CreateObjectMapping: 0.029600 ms MarkObjects: 1.451800 ms  DeleteObjects: 0.085800 ms)

========================================================================
Received Prepare
Registering precompiled user dll's ...
Registered in 0.000505 seconds.
Begin MonoManager ReloadAssembly
Native extension for WindowsStandalone target not found
Native extension for WebGL target not found
Refreshing native plugins compatible for Editor in 0.22 ms, found 0 plugins.
Preloading 0 native plugins for Editor in 0.00 ms.
Invoked RoslynAnalysisRunner static constructor.
RoslynAnalysisRunner will not be running.
RoslynAnalysisRunner has terminated.
Mono: successfully reloaded assembly
- Completed reload, in  0.607 seconds
Platform modules already initialized, skipping
Refreshing native plugins compatible for Editor in 0.26 ms, found 0 plugins.
Preloading 0 native plugins for Editor in 0.00 ms.
Unloading 1120 Unused Serialized files (Serialized files now loaded: 0)
System memory in use before: 77.6 MB.
System memory in use after: 77.7 MB.

Unloading 5 unused Assets to reduce memory usage. Loaded Objects now: 1719.
Total: 1.671200 ms (FindLiveObjects: 0.165500 ms CreateObjectMapping: 0.027100 ms MarkObjects: 1.401000 ms  DeleteObjects: 0.076900 ms)

========================================================================
Received Prepare
Registering precompiled user dll's ...
Registered in 0.000490 seconds.
Begin MonoManager ReloadAssembly
Native extension for WindowsStandalone target not found
Native extension for WebGL target not found
Refreshing native plugins compatible for Editor in 0.27 ms, found 0 plugins.
Preloading 0 native plugins for Editor in 0.00 ms.
Invoked RoslynAnalysisRunner static constructor.
RoslynAnalysisRunner will not be running.
RoslynAnalysisRunner has terminated.
Mono: successfully reloaded assembly
- Completed reload, in  0.621 seconds
Platform modules already initialized, skipping
Refreshing native plugins compatible for Editor in 0.23 ms, found 0 plugins.
Preloading 0 native plugins for Editor in 0.00 ms.
Unloading 1120 Unused Serialized files (Serialized files now loaded: 0)
System memory in use before: 77.6 MB.
System memory in use after: 77.7 MB.

Unloading 5 unused Assets to reduce memory usage. Loaded Objects now: 1722.
Total: 1.573700 ms (FindLiveObjects: 0.149600 ms CreateObjectMapping: 0.027600 ms MarkObjects: 1.324700 ms  DeleteObjects: 0.070800 ms)

========================================================================
Received Prepare
Registering precompiled user dll's ...
Registered in 0.000607 seconds.
Begin MonoManager ReloadAssembly
Native extension for WindowsStandalone target not found
Native extension for WebGL target not found
Refreshing native plugins compatible for Editor in 0.25 ms, found 0 plugins.
Preloading 0 native plugins for Editor in 0.00 ms.
Invoked RoslynAnalysisRunner static constructor.
RoslynAnalysisRunner will not be running.
RoslynAnalysisRunner has terminated.
Mono: successfully reloaded assembly
- Completed reload, in  0.665 seconds
Platform modules already initialized, skipping
Refreshing native plugins compatible for Editor in 0.24 ms, found 0 plugins.
Preloading 0 native plugins for Editor in 0.00 ms.
Unloading 1120 Unused Serialized files (Serialized files now loaded: 0)
System memory in use before: 77.7 MB.
System memory in use after: 77.7 MB.

Unloading 5 unused Assets to reduce memory usage. Loaded Objects now: 1725.
Total: 1.780100 ms (FindLiveObjects: 0.200100 ms CreateObjectMapping: 0.027700 ms MarkObjects: 1.474000 ms  DeleteObjects: 0.076700 ms)

========================================================================
Received Import Request.
  Time since last request: 1222.417098 seconds.
  path: Assets/Scripts/CurrentItem.cs
  artifactKey: Guid(bb0096e5e3beedf43a8ee3e558126d9b) Importer(815301076,1909f56bfc062723c751e8b465ee728b)
Start importing Assets/Scripts/CurrentItem.cs using Guid(bb0096e5e3beedf43a8ee3e558126d9b) Importer(815301076,1909f56bfc062723c751e8b465ee728b)  -> (artifact id: '6616d85b313bfebd9ec87fc858fa7862') in 0.005148 seconds
  Import took 0.007605 seconds .

========================================================================
Received Prepare
Registering precompiled user dll's ...
Registered in 0.000444 seconds.
Begin MonoManager ReloadAssembly
Native extension for WindowsStandalone target not found
Native extension for WebGL target not found
Refreshing native plugins compatible for Editor in 0.22 ms, found 0 plugins.
Preloading 0 native plugins for Editor in 0.00 ms.
Invoked RoslynAnalysisRunner static constructor.
RoslynAnalysisRunner will not be running.
RoslynAnalysisRunner has terminated.
Mono: successfully reloaded assembly
- Completed reload, in  0.619 seconds
Platform modules already initialized, skipping
Refreshing native plugins compatible for Editor in 0.27 ms, found 0 plugins.
Preloading 0 native plugins for Editor in 0.00 ms.
Unloading 1120 Unused Serialized files (Serialized files now loaded: 0)
System memory in use before: 77.7 MB.
System memory in use after: 77.7 MB.

Unloading 5 unused Assets to reduce memory usage. Loaded Objects now: 1728.
Total: 1.551500 ms (FindLiveObjects: 0.148200 ms CreateObjectMapping: 0.026800 ms MarkObjects: 1.303400 ms  DeleteObjects: 0.072300 ms)

========================================================================
Received Import Request.
  Time since last request: 914.890072 seconds.
  path: Assets/Scripts/CurrentItem.cs
  artifactKey: Guid(bb0096e5e3beedf43a8ee3e558126d9b) Importer(815301076,1909f56bfc062723c751e8b465ee728b)
Start importing Assets/Scripts/CurrentItem.cs using Guid(bb0096e5e3beedf43a8ee3e558126d9b) Importer(815301076,1909f56bfc062723c751e8b465ee728b)  -> (artifact id: '8e84fad2d33b80efcf456df885037fdb') in 0.004225 seconds
  Import took 0.006087 seconds .

========================================================================
Received Import Request.
  Time since last request: 0.019045 seconds.
  path: Assets/Scripts/CurrentItem.cs
  artifactKey: Guid(bb0096e5e3beedf43a8ee3e558126d9b) Importer(815301076,1909f56bfc062723c751e8b465ee728b)
Start importing Assets/Scripts/CurrentItem.cs using Guid(bb0096e5e3beedf43a8ee3e558126d9b) Importer(815301076,1909f56bfc062723c751e8b465ee728b)  -> (artifact id: '8e84fad2d33b80efcf456df885037fdb') in 0.002468 seconds
  Import took 0.003847 seconds .

========================================================================
Received Prepare
Registering precompiled user dll's ...
Registered in 0.000453 seconds.
Begin MonoManager ReloadAssembly
Native extension for WindowsStandalone target not found
Native extension for WebGL target not found
Refreshing native plugins compatible for Editor in 0.23 ms, found 0 plugins.
Preloading 0 native plugins for Editor in 0.00 ms.
Invoked RoslynAnalysisRunner static constructor.
RoslynAnalysisRunner will not be running.
RoslynAnalysisRunner has terminated.
Mono: successfully reloaded assembly
- Completed reload, in  0.624 seconds
Platform modules already initialized, skipping
Refreshing native plugins compatible for Editor in 0.24 ms, found 0 plugins.
Preloading 0 native plugins for Editor in 0.00 ms.
Unloading 1120 Unused Serialized files (Serialized files now loaded: 0)
System memory in use before: 77.7 MB.
System memory in use after: 77.7 MB.

Unloading 5 unused Assets to reduce memory usage. Loaded Objects now: 1731.
Total: 2.301700 ms (FindLiveObjects: 0.262000 ms CreateObjectMapping: 0.036000 ms MarkObjects: 1.909700 ms  DeleteObjects: 0.092100 ms)

========================================================================
Received Import Request.
  Time since last request: 190.471058 seconds.
  path: Assets/Scripts/CurrentItem.cs
  artifactKey: Guid(bb0096e5e3beedf43a8ee3e558126d9b) Importer(815301076,1909f56bfc062723c751e8b465ee728b)
Start importing Assets/Scripts/CurrentItem.cs using Guid(bb0096e5e3beedf43a8ee3e558126d9b) Importer(815301076,1909f56bfc062723c751e8b465ee728b)  -> (artifact id: '5c8c27979c485a88d2cd048bb1dc4452') in 0.006071 seconds
  Import took 0.008239 seconds .

========================================================================
Received Prepare
Registering precompiled user dll's ...
Registered in 0.000683 seconds.
Begin MonoManager ReloadAssembly
Native extension for WindowsStandalone target not found
Native extension for WebGL target not found
Refreshing native plugins compatible for Editor in 0.22 ms, found 0 plugins.
Preloading 0 native plugins for Editor in 0.00 ms.
Invoked RoslynAnalysisRunner static constructor.
RoslynAnalysisRunner will not be running.
RoslynAnalysisRunner has terminated.
Mono: successfully reloaded assembly
- Completed reload, in  0.619 seconds
Platform modules already initialized, skipping
Refreshing native plugins compatible for Editor in 0.24 ms, found 0 plugins.
Preloading 0 native plugins for Editor in 0.00 ms.
Unloading 1120 Unused Serialized files (Serialized files now loaded: 0)
System memory in use before: 77.7 MB.
System memory in use after: 77.7 MB.

Unloading 5 unused Assets to reduce memory usage. Loaded Objects now: 1734.
Total: 1.581000 ms (FindLiveObjects: 0.166200 ms CreateObjectMapping: 0.028100 ms MarkObjects: 1.317600 ms  DeleteObjects: 0.067600 ms)

========================================================================
Received Import Request.
  Time since last request: 89.483489 seconds.
  path: Assets/Scripts/CurrentItem.cs
  artifactKey: Guid(bb0096e5e3beedf43a8ee3e558126d9b) Importer(815301076,1909f56bfc062723c751e8b465ee728b)
Start importing Assets/Scripts/CurrentItem.cs using Guid(bb0096e5e3beedf43a8ee3e558126d9b) Importer(815301076,1909f56bfc062723c751e8b465ee728b)  -> (artifact id: '36f9720c38de8b0e94bf2cb2453008a4') in 0.005584 seconds
  Import took 0.007561 seconds .

========================================================================
Received Prepare
Registering precompiled user dll's ...
Registered in 0.000408 seconds.
Begin MonoManager ReloadAssembly
Native extension for WindowsStandalone target not found
Native extension for WebGL target not found
Refreshing native plugins compatible for Editor in 0.22 ms, found 0 plugins.
Preloading 0 native plugins for Editor in 0.00 ms.
Invoked RoslynAnalysisRunner static constructor.
RoslynAnalysisRunner will not be running.
RoslynAnalysisRunner has terminated.
Mono: successfully reloaded assembly
- Completed reload, in  0.608 seconds
Platform modules already initialized, skipping
Refreshing native plugins compatible for Editor in 0.23 ms, found 0 plugins.
Preloading 0 native plugins for Editor in 0.00 ms.
Unloading 1120 Unused Serialized files (Serialized files now loaded: 0)
System memory in use before: 77.7 MB.
System memory in use after: 77.8 MB.

Unloading 5 unused Assets to reduce memory usage. Loaded Objects now: 1737.
Total: 1.695300 ms (FindLiveObjects: 0.165600 ms CreateObjectMapping: 0.028300 ms MarkObjects: 1.420300 ms  DeleteObjects: 0.080300 ms)

AssetImportWorkerClient::OnTransportError - code=2 error=End of file
